[2025-04-02 06:29:54] This is codeql database index-files --include-extension=.yaml --include-extension=.yml --size-limit=5m --language yaml -- /Users/ichormosquito/vision/KeyGuardians/codeql-db
[2025-04-02 06:29:54] Log file was started late.
[2025-04-02 06:29:54] Using index-files script /Users/ichormosquito/Documents/codeql/yaml/tools/index-files.sh.
[2025-04-02 06:29:54] [PROGRESS] database index-files> Scanning for files in /Users/ichormosquito/vision/KeyGuardians...
[2025-04-02 06:29:54] Calling plumbing command: codeql resolve files --include-extension=.yaml --include-extension=.yml --size-limit=5m /Users/ichormosquito/vision/KeyGuardians --format=json
[2025-04-02 06:29:54] [PROGRESS] resolve files> Scanning /Users/ichormosquito/vision/KeyGuardians...
[2025-04-02 06:29:54] [PROGRESS] resolve files> Scanning /Users/ichormosquito/vision/KeyGuardians/codeql-db...
[2025-04-02 06:29:54] [PROGRESS] resolve files> Scanning /Users/ichormosquito/vision/KeyGuardians/codeql-db/diagnostic...
[2025-04-02 06:29:54] [PROGRESS] resolve files> Scanning /Users/ichormosquito/vision/KeyGuardians/codeql-db/diagnostic/tracer...
[2025-04-02 06:29:54] [PROGRESS] resolve files> Scanning /Users/ichormosquito/vision/KeyGuardians/codeql-db/diagnostic/extractors...
[2025-04-02 06:29:54] [PROGRESS] resolve files> Scanning /Users/ichormosquito/vision/KeyGuardians/codeql-db/diagnostic/extractors/python...
[2025-04-02 06:29:54] [PROGRESS] resolve files> Scanning /Users/ichormosquito/vision/KeyGuardians/codeql-db/working...
[2025-04-02 06:29:54] [PROGRESS] resolve files> Scanning /Users/ichormosquito/vision/KeyGuardians/codeql-db/working/trap_cache...
[2025-04-02 06:29:54] [PROGRESS] resolve files> Scanning /Users/ichormosquito/vision/KeyGuardians/codeql-db/working/trap_cache/1...
[2025-04-02 06:29:54] [PROGRESS] resolve files> Scanning /Users/ichormosquito/vision/KeyGuardians/codeql-db/trap...
[2025-04-02 06:29:54] [PROGRESS] resolve files> Scanning /Users/ichormosquito/vision/KeyGuardians/codeql-db/trap/python...
[2025-04-02 06:29:54] [PROGRESS] resolve files> Scanning /Users/ichormosquito/vision/KeyGuardians/codeql-db/log...
[2025-04-02 06:29:54] [PROGRESS] resolve files> Scanning /Users/ichormosquito/vision/KeyGuardians/codeql-db/src...
[2025-04-02 06:29:54] [PROGRESS] resolve files> Scanning /Users/ichormosquito/vision/KeyGuardians/codeql-db/src/Users...
[2025-04-02 06:29:54] [PROGRESS] resolve files> Scanning /Users/ichormosquito/vision/KeyGuardians/codeql-db/src/Users/ichormosquito...
[2025-04-02 06:29:54] [PROGRESS] resolve files> Scanning /Users/ichormosquito/vision/KeyGuardians/codeql-db/src/Users/ichormosquito/vision...
[2025-04-02 06:29:54] [PROGRESS] resolve files> Scanning /Users/ichormosquito/vision/KeyGuardians/codeql-db/src/Users/ichormosquito/vision/KeyGuardians...
[2025-04-02 06:29:54] [PROGRESS] resolve files> Scanning /Users/ichormosquito/vision/KeyGuardians/static...
[2025-04-02 06:29:54] [PROGRESS] resolve files> Scanning /Users/ichormosquito/vision/KeyGuardians/static/images...
[2025-04-02 06:29:54] [PROGRESS] resolve files> Scanning /Users/ichormosquito/vision/KeyGuardians/templates...
[2025-04-02 06:29:54] [PROGRESS] resolve files> Scanning /Users/ichormosquito/vision/KeyGuardians/.git...
[2025-04-02 06:29:54] [PROGRESS] resolve files> Scanning /Users/ichormosquito/vision/KeyGuardians/.git/objects...
[2025-04-02 06:29:54] [PROGRESS] resolve files> Scanning /Users/ichormosquito/vision/KeyGuardians/.git/objects/pack...
[2025-04-02 06:29:54] [PROGRESS] resolve files> Scanning /Users/ichormosquito/vision/KeyGuardians/.git/objects/info...
[2025-04-02 06:29:54] [PROGRESS] resolve files> Scanning /Users/ichormosquito/vision/KeyGuardians/.git/info...
[2025-04-02 06:29:54] [PROGRESS] resolve files> Scanning /Users/ichormosquito/vision/KeyGuardians/.git/logs...
[2025-04-02 06:29:54] [PROGRESS] resolve files> Scanning /Users/ichormosquito/vision/KeyGuardians/.git/logs/refs...
[2025-04-02 06:29:54] [PROGRESS] resolve files> Scanning /Users/ichormosquito/vision/KeyGuardians/.git/logs/refs/heads...
[2025-04-02 06:29:54] [PROGRESS] resolve files> Scanning /Users/ichormosquito/vision/KeyGuardians/.git/logs/refs/remotes...
[2025-04-02 06:29:54] [PROGRESS] resolve files> Scanning /Users/ichormosquito/vision/KeyGuardians/.git/logs/refs/remotes/origin...
[2025-04-02 06:29:54] [PROGRESS] resolve files> Scanning /Users/ichormosquito/vision/KeyGuardians/.git/hooks...
[2025-04-02 06:29:54] [PROGRESS] resolve files> Scanning /Users/ichormosquito/vision/KeyGuardians/.git/refs...
[2025-04-02 06:29:54] [PROGRESS] resolve files> Scanning /Users/ichormosquito/vision/KeyGuardians/.git/refs/heads...
[2025-04-02 06:29:54] [PROGRESS] resolve files> Scanning /Users/ichormosquito/vision/KeyGuardians/.git/refs/tags...
[2025-04-02 06:29:54] [PROGRESS] resolve files> Scanning /Users/ichormosquito/vision/KeyGuardians/.git/refs/remotes...
[2025-04-02 06:29:54] [PROGRESS] resolve files> Scanning /Users/ichormosquito/vision/KeyGuardians/.git/refs/remotes/origin...
[2025-04-02 06:29:54] [PROGRESS] resolve files> Scanning /Users/ichormosquito/vision/KeyGuardians/.git/branches...
[2025-04-02 06:29:54] Plumbing command codeql resolve files completed:
                      [
                        "/Users/ichormosquito/vision/KeyGuardians/codeql-db/codeql-database.yml",
                        "/Users/ichormosquito/vision/KeyGuardians/docker-compose.yml"
                      ]
[2025-04-02 06:29:54] [DETAILS] database index-files> Found 2 files.
[2025-04-02 06:29:54] [PROGRESS] database index-files> /Users/ichormosquito/vision/KeyGuardians/codeql-db: Indexing files in in /Users/ichormosquito/vision/KeyGuardians...
[2025-04-02 06:29:54] Using index-files script /Users/ichormosquito/Documents/codeql/yaml/tools/index-files.sh.
[2025-04-02 06:29:54] [PROGRESS] database index-files> Running command in /Users/ichormosquito/vision/KeyGuardians: [/Users/ichormosquito/Documents/codeql/yaml/tools/index-files.sh, /Users/ichormosquito/vision/KeyGuardians/codeql-db/working/files-to-index5412056097481383398.list]
[2025-04-02 06:29:55] Terminating normally.
